
=== Tue Sep 19 10:37:51 2023

Packages were changed.
Update Mode: updateDependencies

The following packages were added:
  com.unity.2d.sprite@1.0.0
  com.unity.2d.tilemap@1.0.0
  com.unity.ide.rider@3.0.15
  com.unity.ide.visualstudio@2.0.16
  com.unity.ide.vscode@1.2.5
  com.unity.modules.androidjni@1.0.0
  com.unity.test-framework@1.1.31
  com.unity.ugui@1.0.0
The following packages were updated:
  com.unity.ads from version 2.0.8 to 4.1.0
  com.unity.analytics from version 3.3.2 to 3.7.1
  com.unity.cinemachine from version 2.3.4 to 2.8.6
  com.unity.collab-proxy from version 1.2.16 to 1.17.1
  com.unity.postprocessing from version 2.1.7 to 3.2.2
  com.unity.probuilder from version 4.0.5 to 5.0.4
  com.unity.purchasing from version 2.0.6 to 4.1.5
  com.unity.textmeshpro from version 2.0.1 to 3.0.6
  com.unity.timeline from version 1.0.0 to 1.7.1
The following packages were removed:
  com.unity.package-manager-ui@2.1.2
